<?xml version="1.0" encoding="UTF-8"?>
<!-- Generated by org.testng.reporters.JUnitReportReporter -->
<testsuite hostname="DESKTOP-9RD2K0O" failures="0" tests="3" name="alist" time="0.014" errors="0" timestamp="2024-05-06T06:06:08 IST" skipped="0">
  <testcase classname="alist" name="finv" time="0.011"/>
  <system-out/>
  <testcase classname="alist" name="finv" time="0.002"/>
  <system-out/>
  <testcase classname="alist" name="finv" time="0.001"/>
  <system-out/>
</testsuite> <!-- alist -->
