<?xml version="1.0" encoding="UTF-8"?>
<!-- Generated by org.testng.reporters.JUnitReportReporter -->
<testsuite hostname="DESKTOP-9RD2K0O" failures="0" tests="1" name="keyword.Tc001" time="41.208" errors="0" timestamp="2024-05-08T14:44:16 IST" skipped="0">
  <testcase classname="keyword.Tc001" name="Check_for_ValidDetails" time="41.208"/>
  <system-out/>
</testsuite> <!-- keyword.Tc001 -->
