<?xml version="1.0" encoding="UTF-8"?>
<!-- Generated by org.testng.reporters.JUnitReportReporter -->
<testsuite hostname="DESKTOP-9RD2K0O" failures="0" tests="1" name="cookieDemo" time="8.327" errors="0" timestamp="2024-05-10T13:13:58 IST" skipped="0">
  <testcase classname="cookieDemo" name="f" time="8.327"/>
  <system-out/>
</testsuite> <!-- cookieDemo -->
