<?xml version="1.0" encoding="UTF-8"?>
<!-- Generated by org.testng.reporters.JUnitReportReporter -->
<testsuite hostname="DESKTOP-9RD2K0O" failures="0" tests="5" name="listener.alist" time="0.056" errors="0" timestamp="2024-05-21T16:21:45 IST" skipped="0">
  <testcase classname="listener.alist" name="finv" time="0.029"/>
  <system-out/>
  <testcase classname="listener.alist" name="finv" time="0.009"/>
  <system-out/>
  <testcase classname="listener.alist" name="finv" time="0.002"/>
  <system-out/>
  <testcase classname="listener.alist" name="finv" time="0.006"/>
  <system-out/>
  <testcase classname="listener.alist" name="finv" time="0.010"/>
  <system-out/>
</testsuite> <!-- listener.alist -->
