<?xml version="1.0" encoding="UTF-8"?>
<!-- Generated by org.testng.reporters.JUnitReportReporter -->
<testsuite hostname="DESKTOP-9RD2K0O" failures="0" tests="1" name="paramExcel1" time="1.401" errors="0" timestamp="2024-05-03T14:35:42 IST" skipped="0">
  <testcase classname="paramExcel1" name="f" time="1.401"/>
  <system-out/>
</testsuite> <!-- paramExcel1 -->
