<?xml version="1.0" encoding="UTF-8"?>
<!-- Generated by org.testng.reporters.JUnitReportReporter -->
<testsuite hostname="DESKTOP-9RD2K0O" failures="0" tests="1" name="TestListener.MyTestListener" time="5.713" errors="0" timestamp="2024-05-27T12:32:47 IST" skipped="0">
  <testcase classname="TestListener.MyTestListener" name="Intialise" time="5.713"/>
  <system-out/>
</testsuite> <!-- TestListener.MyTestListener -->
