<?xml version="1.0" encoding="UTF-8"?>
<!-- Generated by org.testng.reporters.JUnitReportReporter -->
<testsuite hostname="DESKTOP-9RD2K0O" failures="0" tests="4" name="listener.Repd23" time="0.004" errors="0" timestamp="2024-05-23T19:06:19 IST" skipped="0">
  <testcase classname="listener.Repd23" name="f2" time="0.001"/>
  <system-out/>
  <testcase classname="listener.Repd23" name="f1" time="0.001"/>
  <system-out/>
  <testcase classname="listener.Repd23" name="f4" time="0.001"/>
  <system-out/>
  <testcase classname="listener.Repd23" name="f3" time="0.001"/>
  <system-out/>
</testsuite> <!-- listener.Repd23 -->
