<?xml version="1.0" encoding="UTF-8"?>
<!-- Generated by org.testng.reporters.JUnitReportReporter -->
<testsuite hostname="DESKTOP-9RD2K0O" failures="0" tests="1" name="extentReport.ExtentDemo" time="1.993" errors="0" timestamp="2024-05-21T23:24:27 IST" skipped="0">
  <testcase classname="extentReport.ExtentDemo" name="f" time="1.993"/>
  <system-out/>
</testsuite> <!-- extentReport.ExtentDemo -->
