<?xml version="1.0" encoding="UTF-8"?>
<!-- Generated by org.testng.reporters.JUnitReportReporter -->
<testsuite hostname="DESKTOP-9RD2K0O" failures="0" tests="2" name="kyfm2.tcoo1" time="61.083" errors="0" timestamp="2024-05-13T15:59:37 IST" skipped="0">
  <testcase classname="kyfm2.tcoo1" name="tc002_valid" time="38.721"/>
  <system-out/>
  <testcase classname="kyfm2.tcoo1" name="tc001_valid" time="22.362"/>
  <system-out/>
</testsuite> <!-- kyfm2.tcoo1 -->
