<?xml version="1.0" encoding="UTF-8"?>
<!-- Generated by org.testng.reporters.JUnitReportReporter -->
<testsuite hostname="DESKTOP-9RD2K0O" failures="0" tests="1" name="exl" time="6.318" errors="0" timestamp="2024-05-03T12:27:33 IST" skipped="0">
  <testcase classname="exl" name="f" time="6.318"/>
  <system-out/>
</testsuite> <!-- exl -->
