<?xml version="1.0" encoding="UTF-8"?>
<!-- Generated by org.testng.reporters.JUnitReportReporter -->
<testsuite hostname="DESKTOP-9RD2K0O" failures="0" tests="1" name="TestListener.Base" time="6.305" errors="0" timestamp="2024-05-27T12:48:20 IST" skipped="0">
  <testcase classname="TestListener.Base" name="Intialise" time="6.305"/>
  <system-out/>
</testsuite> <!-- TestListener.Base -->
