<?xml version="1.0" encoding="UTF-8"?>
<!-- Generated by org.testng.reporters.JUnitReportReporter -->
<testsuite hostname="DESKTOP-9RD2K0O" failures="0" tests="1" name="TestListener.MyTestListener1" time="9.252" errors="0" timestamp="2024-05-27T13:24:05 IST" skipped="0">
  <testcase classname="TestListener.MyTestListener1" name="Intialise" time="9.252"/>
  <system-out/>
</testsuite> <!-- TestListener.MyTestListener1 -->
