<?xml version="1.0" encoding="UTF-8"?>
<!-- Generated by org.testng.reporters.JUnitReportReporter -->
<testsuite hostname="DESKTOP-9RD2K0O" failures="0" tests="2" name="hybrid.tcoo1" time="4.684" errors="0" timestamp="2024-05-09T14:37:21 IST" skipped="0">
  <testcase classname="hybrid.tcoo1" name="tc001_valid" time="3.461"/>
  <system-out/>
  <testcase classname="hybrid.tcoo1" name="tc002_valid" time="1.223"/>
  <system-out/>
</testsuite> <!-- hybrid.tcoo1 -->
