<?xml version="1.0" encoding="UTF-8"?>
<!-- Generated by org.testng.reporters.JUnitReportReporter -->
<testsuite hostname="DESKTOP-9RD2K0O" failures="0" tests="3" name="listenerDemo.ExecutionCode" time="0.072" errors="0" timestamp="2024-05-21T16:07:33 IST" skipped="0">
  <testcase classname="listenerDemo.ExecutionCode" name="f1" time="0.057"/>
  <system-out/>
  <testcase classname="listenerDemo.ExecutionCode" name="f2" time="0.009"/>
  <system-out/>
  <testcase classname="listenerDemo.ExecutionCode" name="f3" time="0.006"/>
  <system-out/>
</testsuite> <!-- listenerDemo.ExecutionCode -->
