<?xml version="1.0" encoding="UTF-8"?>
<!-- Generated by org.testng.reporters.JUnitReportReporter -->
<testsuite hostname="DESKTOP-9RD2K0O" failures="0" tests="3" name="listenerDemo.AnnotationCode" time="0.118" errors="0" timestamp="2024-05-21T15:23:01 IST" skipped="0">
  <testcase classname="listenerDemo.AnnotationCode" name="Third" time="0.077"/>
  <system-out/>
  <testcase classname="listenerDemo.AnnotationCode" name="first" time="0.006"/>
  <system-out/>
  <testcase classname="listenerDemo.AnnotationCode" name="second" time="0.035"/>
  <system-out/>
</testsuite> <!-- listenerDemo.AnnotationCode -->
