<?xml version="1.0" encoding="UTF-8"?>
<!-- Generated by org.testng.reporters.JUnitReportReporter -->
<testsuite hostname="DESKTOP-9RD2K0O" failures="0" tests="5" name="listener.hooklist" time="0.062" errors="0" timestamp="2024-05-22T14:31:26 IST" skipped="0">
  <testcase classname="listener.hooklist" name="f" time="0.003"/>
  <system-out/>
  <testcase classname="listener.hooklist" name="f" time="0.011"/>
  <system-out/>
  <testcase classname="listener.hooklist" name="f" time="0.011"/>
  <system-out/>
  <testcase classname="listener.hooklist" name="f" time="0.005"/>
  <system-out/>
  <testcase classname="listener.hooklist" name="f" time="0.032"/>
  <system-out/>
</testsuite> <!-- listener.hooklist -->
