<?xml version="1.0" encoding="UTF-8"?>
<!-- Generated by org.testng.reporters.JUnitReportReporter -->
<testsuite hostname="DESKTOP-9RD2K0O" failures="0" tests="1" name="listenerDemo.repd23" time="0.015" errors="0" timestamp="2024-05-23T18:40:29 IST" skipped="0">
  <testcase classname="listenerDemo.repd23" name="f" time="0.015"/>
  <system-out/>
</testsuite> <!-- listenerDemo.repd23 -->
