<?xml version="1.0" encoding="UTF-8"?>
<!-- Generated by org.testng.reporters.JUnitReportReporter -->
<testsuite hostname="DESKTOP-9RD2K0O" failures="0" tests="1" name="PageObjectModel.TestCase" time="0.592" errors="0" timestamp="2024-05-10T11:55:50 IST" skipped="0">
  <testcase classname="PageObjectModel.TestCase" name="Tc002_Testing_valiName_and_email" time="0.592"/>
  <system-out/>
</testsuite> <!-- PageObjectModel.TestCase -->
