<?xml version="1.0" encoding="UTF-8"?>
<!-- Generated by org.testng.reporters.JUnitReportReporter -->
<testsuite hostname="DESKTOP-9RD2K0O" failures="0" tests="5" name="listener.exectionList" time="0.090" errors="0" timestamp="2024-05-22T14:22:10 IST" skipped="0">
  <testcase classname="listener.exectionList" name="f1" time="0.066"/>
  <system-out/>
  <testcase classname="listener.exectionList" name="f3" time="0.006"/>
  <system-out/>
  <testcase classname="listener.exectionList" name="f2" time="0.005"/>
  <system-out/>
  <testcase classname="listener.exectionList" name="f5" time="0.009"/>
  <system-out/>
  <testcase classname="listener.exectionList" name="f4" time="0.004"/>
  <system-out/>
</testsuite> <!-- listener.exectionList -->
