<?xml version="1.0" encoding="UTF-8"?>
<!-- Generated by org.testng.reporters.JUnitReportReporter -->
<testsuite hostname="DESKTOP-9RD2K0O" failures="0" tests="2" name="kyfm2.XlRead" time="3.363" errors="0" timestamp="2024-05-08T14:56:29 IST" skipped="0">
  <testcase classname="kyfm2.XlRead" name="f" time="3.288"/>
  <system-out/>
  <testcase classname="kyfm2.XlRead" name="readCell" time="0.075"/>
  <system-out/>
</testsuite> <!-- kyfm2.XlRead -->
