<?xml version="1.0" encoding="UTF-8"?>
<!-- Generated by org.testng.reporters.JUnitReportReporter -->
<testsuite hostname="DESKTOP-9RD2K0O" failures="0" tests="1" name="kyfm2.mapping" time="0.059" errors="0" timestamp="2024-05-08T15:08:14 IST" skipped="0">
  <testcase classname="kyfm2.mapping" name="actionmap" time="0.059"/>
  <system-out/>
</testsuite> <!-- kyfm2.mapping -->
