<?xml version="1.0" encoding="UTF-8"?>
<!-- Generated by org.testng.reporters.JUnitReportReporter -->
<testsuite hostname="DESKTOP-9RD2K0O" failures="0" tests="4" name="listenerDemo.Repd22" time="0.012" errors="0" timestamp="2024-05-23T18:38:46 IST" skipped="0">
  <testcase classname="listenerDemo.Repd22" name="f3" time="0.000"/>
  <system-out/>
  <testcase classname="listenerDemo.Repd22" name="f4" time="0.001"/>
  <system-out/>
  <testcase classname="listenerDemo.Repd22" name="f1" time="0.009"/>
  <system-out/>
  <testcase classname="listenerDemo.Repd22" name="f2" time="0.002"/>
  <system-out/>
</testsuite> <!-- listenerDemo.Repd22 -->
