<?xml version="1.0" encoding="UTF-8"?>
<!-- Generated by org.testng.reporters.JUnitReportReporter -->
<testsuite hostname="DESKTOP-9RD2K0O" failures="0" tests="6" name="listenerDemo.HookableCode" time="0.077" errors="0" timestamp="2024-05-22T14:45:08 IST" skipped="0">
  <testcase classname="listenerDemo.HookableCode" name="f" time="0.007"/>
  <system-out/>
  <testcase classname="listenerDemo.HookableCode" name="f" time="0.002"/>
  <system-out/>
  <testcase classname="listenerDemo.HookableCode" name="f" time="0.008"/>
  <system-out/>
  <testcase classname="listenerDemo.HookableCode" name="f" time="0.011"/>
  <system-out/>
  <testcase classname="listenerDemo.HookableCode" name="f" time="0.047"/>
  <system-out/>
  <testcase classname="listenerDemo.HookableCode" name="f" time="0.002"/>
  <system-out/>
</testsuite> <!-- listenerDemo.HookableCode -->
