<?xml version="1.0" encoding="UTF-8"?>
<!-- Generated by org.testng.reporters.JUnitReportReporter -->
<testsuite hostname="DESKTOP-9RD2K0O" failures="0" tests="1" name="ParamExcelSelenium" time="1.505" errors="0" timestamp="2024-05-07T19:53:35 IST" skipped="0">
  <testcase classname="ParamExcelSelenium" name="f" time="1.505"/>
  <system-out/>
</testsuite> <!-- ParamExcelSelenium -->
