<?xml version="1.0" encoding="UTF-8"?>
<!-- Generated by org.testng.reporters.JUnitReportReporter -->
<testsuite hostname="DESKTOP-9RD2K0O" failures="0" tests="1" name="PageObjectModel.ContactFormPage" time="0.078" errors="0" timestamp="2024-05-10T11:29:42 IST" skipped="0">
  <testcase classname="PageObjectModel.ContactFormPage" name="f" time="0.078"/>
  <system-out/>
</testsuite> <!-- PageObjectModel.ContactFormPage -->
