<?xml version="1.0" encoding="UTF-8"?>
<!-- Generated by org.testng.reporters.JUnitReportReporter -->
<testsuite hostname="DESKTOP-9RD2K0O" failures="0" tests="1" name="keyword.ReadExcel" time="0.435" errors="0" timestamp="2024-05-07T20:06:18 IST" skipped="0">
  <testcase classname="keyword.ReadExcel" name="openxl" time="0.435"/>
  <system-out/>
</testsuite> <!-- keyword.ReadExcel -->
