<?xml version="1.0" encoding="UTF-8"?>
<!-- Generated by org.testng.reporters.JUnitReportReporter -->
<testsuite hostname="DESKTOP-9RD2K0O" failures="0" tests="5" name="keyword.Action" time="13.802" errors="0" timestamp="2024-05-07T15:19:58 IST" skipped="0">
  <testcase classname="keyword.Action" name="InputName" time="7.967"/>
  <system-out/>
  <testcase classname="keyword.Action" name="InputEmail" time="0.004"/>
  <system-out/>
  <testcase classname="keyword.Action" name="InputMessage" time="0.004"/>
  <system-out/>
  <testcase classname="keyword.Action" name="Open" time="5.794"/>
  <system-out/>
  <testcase classname="keyword.Action" name="Close" time="0.033"/>
  <system-out/>
</testsuite> <!-- keyword.Action -->
