<?xml version="1.0" encoding="UTF-8"?>
<!-- Generated by org.testng.reporters.JUnitReportReporter -->
<testsuite hostname="DESKTOP-9RD2K0O" failures="0" tests="1" name="keyword.CntrolFile" time="1.375" errors="0" timestamp="2024-05-07T20:10:28 IST" skipped="0">
  <testcase classname="keyword.CntrolFile" name="DrvKwd" time="1.375"/>
  <system-out/>
</testsuite> <!-- keyword.CntrolFile -->
