<?xml version="1.0" encoding="UTF-8"?>
<!-- Generated by org.testng.reporters.JUnitReportReporter -->
<testsuite hostname="DESKTOP-9RD2K0O" failures="0" tests="2" name="PageObjectModel.TestcasePgFac" time="1.969" errors="0" timestamp="2024-05-10T12:41:38 IST" skipped="0">
  <testcase classname="PageObjectModel.TestcasePgFac" name="Tc001_CompleteForm" time="1.263"/>
  <system-out/>
  <testcase classname="PageObjectModel.TestcasePgFac" name="Tc002_Testing_valiName_and_email" time="0.706"/>
  <system-out/>
</testsuite> <!-- PageObjectModel.TestcasePgFac -->
